生成启动时间为 2021/8/25 15:13:55。
     1>项目“F:\qt\calculation\calculation\calculation.vcxproj”在节点 2 上(build 个目标)。
     1>InitializeBuildStatus:
         正在创建“Debug\calculation.unsuccessfulbuild”，因为已指定“AlwaysCreate”。
       CustomBuild:
         Moc'ing calculation.h...
       ClCompile:
         D:\vs2010\VC\bin\CL.exe /c /I.\GeneratedFiles /I. /IC:\Qt\4.8.4\include /I.\GeneratedFiles\Debug /IC:\Qt\4.8.4\include\QtCore /IC:\Qt\4.8.4\include\QtGui /Zi /nologo /W1 /WX- /Od /Oy- /D UNICODE /D WIN32 /D QT_LARGEFILE_SUPPORT /D QT_DLL /D QT_CORE_LIB /D QT_GUI_LIB /Gm- /EHsc /MDd /GS /fp:precise /Zc:wchar_t- /Zc:forScope /Fo"Debug\\" /Fd"Debug\vc100.pdb" /Gd /TP /analyze- /errorReport:prompt GeneratedFiles\Debug\moc_calculation.cpp calculation.cpp main.cpp
         moc_calculation.cpp
         calculation.cpp
         main.cpp
         正在生成代码...
         所有输出均为最新。
       Link:
         D:\vs2010\VC\bin\link.exe /ERRORREPORT:PROMPT /OUT:"F:\qt\calculation\Win32\Debug\\calculation.exe" /NOLOGO /LIBPATH:C:\Qt\4.8.4\lib qtmaind.lib QtCored4.lib QtGuid4.lib kernel32.lib user32.lib gdi32.lib winspool.lib comdlg32.lib advapi32.lib shell32.lib ole32.lib oleaut32.lib uuid.lib odbc32.lib odbccp32.lib /MANIFEST /ManifestFile:"Debug\calculation.exe.intermediate.manifest" /MANIFESTUAC:"level='asInvoker' uiAccess='false'" /DEBUG /PDB:"F:\qt\calculation\Win32\Debug\calculation.pdb" /SUBSYSTEM:WINDOWS /TLBID:1 /DYNAMICBASE /NXCOMPAT /IMPLIB:"F:\qt\calculation\Win32\Debug\calculation.lib" /MACHINE:X86 Debug\calculation.obj
         Debug\moc_calculation.obj
         Debug\qrc_calculation.obj
         Debug\main.obj
         LINK : 没有找到 F:\qt\calculation\Win32\Debug\\calculation.exe 或上一个增量链接没有生成它；正在执行完全链接
         calculation.vcxproj -> F:\qt\calculation\Win32\Debug\calculation.exe
       Manifest:
         C:\Program Files (x86)\Microsoft SDKs\Windows\v7.0A\bin\mt.exe /nologo /verbose /outputresource:"F:\qt\calculation\Win32\Debug\\calculation.exe;#1" /manifest Debug\calculation.exe.intermediate.manifest
       FinalizeBuildStatus:
         正在删除文件“Debug\calculation.unsuccessfulbuild”。
         正在对“Debug\calculation.lastbuildstate”执行 Touch 任务。
     1>已完成生成项目“F:\qt\calculation\calculation\calculation.vcxproj”(build 个目标)的操作。

生成成功。

已用时间 00:00:02.44
